<?xml version="1.0" encoding="UTF-8"?>
<!-- Generated by org.testng.reporters.JUnitXMLReporter -->
<testsuite ignored="0" hostname="DESKTOP-N8E6GMD" failures="4" tests="4" name="Test" time="5.51" errors="0" timestamp="2021-02-15T18:39:05 IST">
  <testcase classname="com.scrolltest.apidemo.tests.TestDELETEPerson" name="testDeletePerson" time="2.04">
    <failure type="java.lang.AssertionError" message="expected [true] but found [false]">
      <![CDATA[java.lang.AssertionError: expected [true] but found [false]
at com.scrolltest.apidemo.helpers.PersonServiceHelper.deletePerson(PersonServiceHelper.java:106)
at com.scrolltest.apidemo.tests.TestDELETEPerson.testDeletePerson(TestDELETEPerson.java:22)
at java.base/java.util.ArrayList.forEach(ArrayList.java:1511)
... Removed 31 stack frames]]>
    </failure>
  </testcase> <!-- testDeletePerson -->
  <testcase classname="com.scrolltest.apidemo.tests.TestPATCHPerson" name="testPatchPerson" time="0.814">
    <failure type="java.lang.AssertionError" message="expected [true] but found [false]">
      <![CDATA[java.lang.AssertionError: expected [true] but found [false]
at com.scrolltest.apidemo.helpers.PersonServiceHelper.updatePerson(PersonServiceHelper.java:91)
at com.scrolltest.apidemo.tests.TestPATCHPerson.testPatchPerson(TestPATCHPerson.java:23)
at java.base/java.util.ArrayList.forEach(ArrayList.java:1511)
... Removed 31 stack frames]]>
    </failure>
  </testcase> <!-- testPatchPerson -->
  <testcase classname="com.scrolltest.apidemo.tests.TestPOSTPerson" name="testPOSTCreatePerson" time="0.217">
    <failure type="java.lang.AssertionError" message="Created expected [201] but found [404]">
      <![CDATA[java.lang.AssertionError: Created expected [201] but found [404]
at com.scrolltest.apidemo.helpers.PersonServiceHelper.createPerson(PersonServiceHelper.java:71)
at com.scrolltest.apidemo.tests.TestPOSTPerson.testPOSTCreatePerson(TestPOSTPerson.java:27)
at java.base/java.util.ArrayList.forEach(ArrayList.java:1511)
... Removed 32 stack frames]]>
    </failure>
  </testcase> <!-- testPOSTCreatePerson -->
  <testcase classname="com.scrolltest.apidemo.tests.TestGETPerson" name="testGetAllPerson" time="0.224">
    <failure type="java.lang.AssertionError" message="Ok expected [200] but found [404]">
      <![CDATA[java.lang.AssertionError: Ok expected [200] but found [404]
at com.scrolltest.apidemo.helpers.PersonServiceHelper.getAllPerson(PersonServiceHelper.java:46)
at com.scrolltest.apidemo.tests.TestGETPerson.testGetAllPerson(TestGETPerson.java:22)
at java.base/java.util.ArrayList.forEach(ArrayList.java:1511)
... Removed 32 stack frames]]>
    </failure>
  </testcase> <!-- testGetAllPerson -->
</testsuite> <!-- Test -->
